# JRE version: OpenJDK Runtime Environment (21.0.6) (build 21.0.6+-13391695-b895.109)
# Java VM: OpenJDK 64-Bit Server VM (21.0.6+-13391695-b895.109, mixed mode, tiered, compressed oops, compressed class ptrs, g1 gc, windows-amd64)
GC Precious Log:
 CardTable entry size: 512
 Card Set container configuration: InlinePtr #cards 5 size 8 Array Of Cards #cards 12 size 40 Howl #buckets 4 coarsen threshold 1843 Howl Bitmap #cards 512 size 80 coarsen threshold 460 Card regions per heap region 1 cards per card region 2048
 CPUs: 12 total, 12 available
 Memory: 15741M
 Large Page Support: Disabled
 NUMA Support: Disabled
 Compressed Oops: Enabled (32-bit)
 Heap Region Size: 1M
 Heap Min Capacity: 8M
 Heap Initial Capacity: 246M
 Heap Max Capacity: 2G
 Pre-touch: Disabled
 Parallel Workers: 10
 Concurrent Workers: 3
 Concurrent Refinement Workers: 10
 Periodic GC: Disabled
Heap:
 garbage-first heap   total 508928K, used 337635K [0x0000000080000000, 0x0000000100000000)
  region size 1024K, 16 young (16384K), 8 survivors (8192K)
 Metaspace       used 327411K, committed 330112K, reserved 1376256K
  class space    used 40532K, committed 41856K, reserved 1048576K
GC Heap History (20 events):
Event: 3773.363 GC heap before
{Heap before GC invocations=91 (full 0):
 garbage-first heap   total 483328K, used 443388K [0x0000000080000000, 0x0000000100000000)
  region size 1024K, 175 young (179200K), 13 survivors (13312K)
 Metaspace       used 270289K, committed 272640K, reserved 1310720K
  class space    used 33751K, committed 34880K, reserved 1048576K
}
Event: 3773.369 GC heap after
{Heap after GC invocations=92 (full 0):
 garbage-first heap   total 483328K, used 273708K [0x0000000080000000, 0x0000000100000000)
  region size 1024K, 7 young (7168K), 7 survivors (7168K)
 Metaspace       used 270289K, committed 272640K, reserved 1310720K
  class space    used 33751K, committed 34880K, reserved 1048576K
}
Event: 3775.079 GC heap before
{Heap before GC invocations=93 (full 0):
 garbage-first heap   total 483328K, used 448812K [0x0000000080000000, 0x0000000100000000)
  region size 1024K, 179 young (183296K), 7 survivors (7168K)
 Metaspace       used 270900K, committed 273216K, reserved 1310720K
  class space    used 33851K, committed 35008K, reserved 1048576K
}
Event: 3775.088 GC heap after
{Heap after GC invocations=94 (full 0):
 garbage-first heap   total 483328K, used 280620K [0x0000000080000000, 0x0000000100000000)
  region size 1024K, 14 young (14336K), 14 survivors (14336K)
 Metaspace       used 270900K, committed 273216K, reserved 1310720K
  class space    used 33851K, committed 35008K, reserved 1048576K
}
Event: 3775.451 GC heap before
{Heap before GC invocations=94 (full 0):
 garbage-first heap   total 483328K, used 441388K [0x0000000080000000, 0x0000000100000000)
  region size 1024K, 173 young (177152K), 14 survivors (14336K)
 Metaspace       used 270965K, committed 273280K, reserved 1310720K
  class space    used 33856K, committed 35008K, reserved 1048576K
}
Event: 3775.460 GC heap after
{Heap after GC invocations=95 (full 0):
 garbage-first heap   total 483328K, used 277756K [0x0000000080000000, 0x0000000100000000)
  region size 1024K, 12 young (12288K), 12 survivors (12288K)
 Metaspace       used 270965K, committed 273280K, reserved 1310720K
  class space    used 33856K, committed 35008K, reserved 1048576K
}
Event: 3777.937 GC heap before
{Heap before GC invocations=95 (full 0):
 garbage-first heap   total 483328K, used 443644K [0x0000000080000000, 0x0000000100000000)
  region size 1024K, 175 young (179200K), 12 survivors (12288K)
 Metaspace       used 276579K, committed 278976K, reserved 1310720K
  class space    used 34576K, committed 35776K, reserved 1048576K
}
Event: 3777.946 GC heap after
{Heap after GC invocations=96 (full 0):
 garbage-first heap   total 483328K, used 282406K [0x0000000080000000, 0x0000000100000000)
  region size 1024K, 17 young (17408K), 17 survivors (17408K)
 Metaspace       used 276579K, committed 278976K, reserved 1310720K
  class space    used 34576K, committed 35776K, reserved 1048576K
}
Event: 3784.645 GC heap before
{Heap before GC invocations=97 (full 0):
 garbage-first heap   total 483328K, used 438054K [0x0000000080000000, 0x0000000100000000)
  region size 1024K, 170 young (174080K), 17 survivors (17408K)
 Metaspace       used 286169K, committed 288640K, reserved 1310720K
  class space    used 35531K, committed 36736K, reserved 1048576K
}
Event: 3784.658 GC heap after
{Heap after GC invocations=98 (full 0):
 garbage-first heap   total 483328K, used 290816K [0x0000000080000000, 0x0000000100000000)
  region size 1024K, 17 young (17408K), 17 survivors (17408K)
 Metaspace       used 286169K, committed 288640K, reserved 1310720K
  class space    used 35531K, committed 36736K, reserved 1048576K
}
Event: 3788.324 GC heap before
{Heap before GC invocations=98 (full 0):
 garbage-first heap   total 483328K, used 444416K [0x0000000080000000, 0x0000000100000000)
  region size 1024K, 163 young (166912K), 17 survivors (17408K)
 Metaspace       used 295764K, committed 298240K, reserved 1310720K
  class space    used 36605K, committed 37824K, reserved 1048576K
}
Event: 3788.342 GC heap after
{Heap after GC invocations=99 (full 0):
 garbage-first heap   total 483328K, used 297391K [0x0000000080000000, 0x0000000100000000)
  region size 1024K, 20 young (20480K), 20 survivors (20480K)
 Metaspace       used 295764K, committed 298240K, reserved 1310720K
  class space    used 36605K, committed 37824K, reserved 1048576K
}
Event: 3794.084 GC heap before
{Heap before GC invocations=99 (full 0):
 garbage-first heap   total 483328K, used 422319K [0x0000000080000000, 0x0000000100000000)
  region size 1024K, 144 young (147456K), 20 survivors (20480K)
 Metaspace       used 305697K, committed 308288K, reserved 1376256K
  class space    used 37955K, committed 39232K, reserved 1048576K
}
Event: 3794.105 GC heap after
{Heap after GC invocations=100 (full 0):
 garbage-first heap   total 483328K, used 303553K [0x0000000080000000, 0x0000000100000000)
  region size 1024K, 16 young (16384K), 16 survivors (16384K)
 Metaspace       used 305697K, committed 308288K, reserved 1376256K
  class space    used 37955K, committed 39232K, reserved 1048576K
}
Event: 3800.770 GC heap before
{Heap before GC invocations=101 (full 0):
 garbage-first heap   total 508928K, used 444865K [0x0000000080000000, 0x0000000100000000)
  region size 1024K, 149 young (152576K), 16 survivors (16384K)
 Metaspace       used 315808K, committed 318336K, reserved 1376256K
  class space    used 39321K, committed 40576K, reserved 1048576K
}
Event: 3800.795 GC heap after
{Heap after GC invocations=102 (full 0):
 garbage-first heap   total 508928K, used 310839K [0x0000000080000000, 0x0000000100000000)
  region size 1024K, 13 young (13312K), 13 survivors (13312K)
 Metaspace       used 315808K, committed 318336K, reserved 1376256K
  class space    used 39321K, committed 40576K, reserved 1048576K
}
Event: 3803.530 GC heap before
{Heap before GC invocations=102 (full 0):
 garbage-first heap   total 508928K, used 467511K [0x0000000080000000, 0x0000000100000000)
  region size 1024K, 167 young (171008K), 13 survivors (13312K)
 Metaspace       used 321174K, committed 323776K, reserved 1376256K
  class space    used 39971K, committed 41280K, reserved 1048576K
}
Event: 3803.549 GC heap after
{Heap after GC invocations=103 (full 0):
 garbage-first heap   total 508928K, used 321915K [0x0000000080000000, 0x0000000100000000)
  region size 1024K, 21 young (21504K), 21 survivors (21504K)
 Metaspace       used 321174K, committed 323776K, reserved 1376256K
  class space    used 39971K, committed 41280K, reserved 1048576K
}
Event: 3819.636 GC heap before
{Heap before GC invocations=103 (full 0):
 garbage-first heap   total 508928K, used 434555K [0x0000000080000000, 0x0000000100000000)
  region size 1024K, 133 young (136192K), 21 survivors (21504K)
 Metaspace       used 326849K, committed 329536K, reserved 1376256K
  class space    used 40480K, committed 41792K, reserved 1048576K
}
Event: 3819.648 GC heap after
{Heap after GC invocations=104 (full 0):
 garbage-first heap   total 508928K, used 330467K [0x0000000080000000, 0x0000000100000000)
  region size 1024K, 8 young (8192K), 8 survivors (8192K)
 Metaspace       used 326849K, committed 329536K, reserved 1376256K
  class space    used 40480K, committed 41792K, reserved 1048576K
}

